C51 COMPILER V9.60.0.0   BUTTON_INTERFACING_INTERRUPT                                      10/22/2021 16:55:22 PAGE 1   


C51 COMPILER V9.60.0.0, COMPILATION OF MODULE BUTTON_INTERFACING_INTERRUPT
OBJECT MODULE PLACED IN .\Objects\button interfacing interrupt.obj
COMPILER INVOKED BY: C:\Keil_v5\C51\BIN\C51.EXE button interfacing interrupt.c OPTIMIZE(8,SPEED) BROWSE DEBUG OBJECTEXTE
                    -ND PRINT(.\Listings\button interfacing interrupt.lst) TABS(2) OBJECT(.\Objects\button interfacing interrupt.obj)

line level    source

   1          /* Main.c file generated by New Project wizard
   2           *
   3           * Created:   Tue Sep 21 2021
   4           * Processor: AT89C51
   5           * Compiler:  Keil for 8051
   6           */
   7          
   8          #include <reg51.h>
   9          #include <stdio.h>
  10          
  11          sbit LED = P2^0;
  12          
  13          void delay (int t);
  14          
  15          void INTR1 (void) interrupt 2       // Using External Interrupt 1 
  16          { 
  17   1        LED = ~LED;   // Toggle its state
  18   1        delay(500);   
  19   1      }
  20          
  21          void main(void)
  22           { 
  23   1         // Write your Code here
  24   1         IE = 0x84;   // Using only external interruptt 1 for INT1
  25   1       }
  26           
  27           void delay(int t)
  28           {
  29   1          int i,j;
  30   1          for (i=0; i<=t; i++)
  31   1          for (j=0;j<=122; j++);  
  32   1       }


MODULE INFORMATION:   STATIC OVERLAYABLE
   CODE SIZE        =    107    ----
   CONSTANT SIZE    =   ----    ----
   XDATA SIZE       =   ----    ----
   PDATA SIZE       =   ----    ----
   DATA SIZE        =   ----    ----
   IDATA SIZE       =   ----    ----
   BIT SIZE         =   ----    ----
END OF MODULE INFORMATION.


C51 COMPILATION COMPLETE.  0 WARNING(S),  0 ERROR(S)
