C51 COMPILER V9.60.0.0   LED_BUTTON_POLLING                                                09/20/2021 17:24:04 PAGE 1   


C51 COMPILER V9.60.0.0, COMPILATION OF MODULE LED_BUTTON_POLLING
OBJECT MODULE PLACED IN .\Objects\LED Button Polling.obj
COMPILER INVOKED BY: C:\Keil_v5\C51\BIN\C51.EXE LED Button Polling.c OPTIMIZE(8,SPEED) BROWSE DEBUG OBJECTEXTEND PRINT(.
                    -\Listings\LED Button Polling.lst) TABS(2) OBJECT(.\Objects\LED Button Polling.obj)

line level    source

   1          /* Main.c file generated by New Project wizard
   2           *
   3           * Created:   Mon Sep 20 2021
   4           * Processor: AT89C51
   5           * Compiler:  Keil for 8051
   6           */
   7          
   8          #include <reg51.h>
   9          #include <stdio.h>
  10          
  11          sbit LED = P2^0;
  12          sbit Button = P3^1;
  13          
  14          void delay(int t);
  15          
  16          void main(void)
  17           { 
  18   1         // Write your code here
  19   1         LED = 0;     // Output
  20   1       // Button = 1; // Input
  21   1         while (1)
  22   1         {
  23   2             if (Button==0)  //  Button is pressed , means ground is applied to it
  24   2             { 
  25   3          LED = ~LED;
  26   3          delay(500);
  27   3          
  28   3            }
  29   2         }
  30   1      }
  31            void delay(int t)
  32           {
  33   1          int i,j;
  34   1          for (i=0; i<=t; i++)
  35   1          for (j=0;j<=122; j++);  
  36   1       }


MODULE INFORMATION:   STATIC OVERLAYABLE
   CODE SIZE        =     54    ----
   CONSTANT SIZE    =   ----    ----
   XDATA SIZE       =   ----    ----
   PDATA SIZE       =   ----    ----
   DATA SIZE        =   ----    ----
   IDATA SIZE       =   ----    ----
   BIT SIZE         =   ----    ----
END OF MODULE INFORMATION.


C51 COMPILATION COMPLETE.  0 WARNING(S),  0 ERROR(S)
