C51 COMPILER V9.60.0.0   DEBOUNCING                                                        09/23/2021 11:55:10 PAGE 1   


C51 COMPILER V9.60.0.0, COMPILATION OF MODULE DEBOUNCING
OBJECT MODULE PLACED IN .\Objects\Debouncing.obj
COMPILER INVOKED BY: C:\Keil_v5\C51\BIN\C51.EXE Debouncing.c OPTIMIZE(8,SPEED) BROWSE DEBUG OBJECTEXTEND PRINT(.\Listing
                    -s\Debouncing.lst) TABS(2) OBJECT(.\Objects\Debouncing.obj)

line level    source

   1          #include <reg51.h>
   2          #include <stdio.h>
   3          
   4          sbit D1=P2^0;
   5          sbit K1=P3^1;
   6          
   7          int k1_btn_state=0;
   8          int k1_press_cntr=0;
   9          int k1_release_cntr=0;
  10          
  11            
  12          void timer0(void) interrupt 1
  13          {
  14   1          TH0=0xDB;
  15   1          TL0=0xFF;
  16   1        if (k1_btn_state==0)
  17   1        {
  18   2           if (K1==0)
  19   2           {  k1_press_cntr++;
  20   3          if (k1_press_cntr==10)
  21   3        {
  22   4          D1 = ~D1;
  23   4          k1_btn_state==1;
*** WARNING C275 IN LINE 23 OF Debouncing.c: expression with possibly no effect
  24   4        }
  25   3        }
  26   2          else
  27   2            k1_press_cntr=0;
  28   2        }
  29   1        
  30   1        /*if (k1_btn_state==1)
  31   1        {
  32   1          if (K1==1)
  33   1        {
  34   1          k1_release_cntr+=1;}
  35   1          if (k1_release_cntr==10)
  36   1        {
  37   1          k1_btn_state=0;
  38   1        }
  39   1        }
  40   1        else
  41   1        {
  42   1          k1_release_cntr=0;
  43   1        }*/
  44   1      }
  45          
  46          void main(void)
  47           {
  48   1          IE=0x82;
  49   1          TMOD=0x01;
  50   1          
  51   1          TH0=0xDB;
  52   1          TL0=0xFF;
  53   1         
C51 COMPILER V9.60.0.0   DEBOUNCING                                                        09/23/2021 11:55:10 PAGE 2   

  54   1          TR0=1;
  55   1          while(1);
  56   1      
  57   1       }


MODULE INFORMATION:   STATIC OVERLAYABLE
   CODE SIZE        =     60    ----
   CONSTANT SIZE    =   ----    ----
   XDATA SIZE       =   ----    ----
   PDATA SIZE       =   ----    ----
   DATA SIZE        =      6    ----
   IDATA SIZE       =   ----    ----
   BIT SIZE         =   ----    ----
END OF MODULE INFORMATION.


C51 COMPILATION COMPLETE.  1 WARNING(S),  0 ERROR(S)
