C51 COMPILER V9.60.0.0   CUSTOM_CHAR                                                       09/29/2021 11:29:13 PAGE 1   


C51 COMPILER V9.60.0.0, COMPILATION OF MODULE CUSTOM_CHAR
OBJECT MODULE PLACED IN .\Objects\custom char.obj
COMPILER INVOKED BY: C:\Keil_v5\C51\BIN\C51.EXE custom char.c OPTIMIZE(8,SPEED) BROWSE DEBUG OBJECTEXTEND PRINT(.\Listin
                    -gs\custom char.lst) TABS(2) OBJECT(.\Objects\custom char.obj)

line level    source

   1          #include<reg51.h>
   2          #define lcd P0
   3          
   4          sbit rs=P2^6;
   5          sbit e=P2^7;
   6          sbit rw=P2^5;
   7          
   8          void delay (int);
   9          void cmd (char);
  10          void display (char);
  11          void Write (char *);
  12          void init (void);
  13          void custom(void);
  14          
  15          
  16          unsigned char custom_char[]= {  0x00,0x04,0x0E,0x04,0x15,0x0E,0x04,0x00, 
  17                          0x00,0x04,0x0E,0x0E,0x0E,0x1F,0x04,0x00, 
  18                          0x00,0x0A,0x15,0x11,0x11,0x0A,0x04,0x00,
  19                          0x0E,0x11,0x11,0x1F,0x1B,0x1B,0x1B,0x1F,
  20                          0x0E,0x11,0x10,0x1F,0x1B,0x1B,0x1B,0x1F,
  21                          0x00,0x0E,0x15,0x1B,0x0E,0x0E,0x00,0x00,
  22                        };
  23          
  24          void delay (int d)
  25          {
  26   1        unsigned char i;
  27   1        for(;d>0;d--)
  28   1        {
  29   2          for(i=250;i>0;i--);
  30   2          for(i=248;i>0;i--);
  31   2        }
  32   1      }
  33          
  34          
  35          void cmd (char c)
  36          {
  37   1        lcd=c;    // LCD assign to P3
  38   1        rs=0;     // RS=0, Read Data or Initiaze Data
  39   1        rw=0;
  40   1        e=1;      // Enable from 1 to 0, or 0 to 1 to latch Data
  41   1        delay(5);
  42   1        e=0;
  43   1      }
  44          void display (char c)
  45          {
  46   1        lcd=c;
  47   1        rs=1; // RS=1 , to write data on LCD
  48   1        rw=0;
  49   1        e=1;   // Enable from 1 to 0, or 0 to 1 to latch Data
  50   1        delay(1);
  51   1        e=0;
  52   1      }
  53          
  54          void Write (char *p)
C51 COMPILER V9.60.0.0   CUSTOM_CHAR                                                       09/29/2021 11:29:13 PAGE 2   

  55          {
  56   1        while(*p)
  57   1        {
  58   2          display(*p++);
  59   2        }
  60   1      }
  61          void init (void)
  62          {
  63   1        cmd(0x0c);    // Display ON and Cursor OFF
  64   1        cmd(0x38);    //  Use two Lines
  65   1        cmd(0x01);    // Clear Screen
  66   1        cmd(0x80);    // Beginning of First Line
  67   1      }
  68          
  69          void custom (void)
  70          {
  71   1        int k;
  72   1        cmd(0x40);
  73   1        for(k=0;k<48;k++)
  74   1        display(custom_char[k]);
  75   1        cmd(0x80);
  76   1      }
  77          void main()
  78          {
  79   1        int i;
  80   1        
  81   1        init();
  82   1        custom();
  83   1        
  84   1        for (i=0; i<=15; i++)
  85   1        {
  86   2          display(i);
  87   2          delay(100);
  88   2        }
  89   1      }
  90            


MODULE INFORMATION:   STATIC OVERLAYABLE
   CODE SIZE        =    208    ----
   CONSTANT SIZE    =   ----    ----
   XDATA SIZE       =   ----    ----
   PDATA SIZE       =   ----    ----
   DATA SIZE        =     48       3
   IDATA SIZE       =   ----    ----
   BIT SIZE         =   ----    ----
END OF MODULE INFORMATION.


C51 COMPILATION COMPLETE.  0 WARNING(S),  0 ERROR(S)
