C51 COMPILER V9.60.0.0   TIMER_INTERRUPT                                                   09/27/2021 14:21:50 PAGE 1   


C51 COMPILER V9.60.0.0, COMPILATION OF MODULE TIMER_INTERRUPT
OBJECT MODULE PLACED IN .\Objects\timer-interrupt.obj
COMPILER INVOKED BY: C:\Keil_v5\C51\BIN\C51.EXE timer-interrupt.c OPTIMIZE(8,SPEED) BROWSE DEBUG OBJECTEXTEND PRINT(.\Li
                    -stings\timer-interrupt.lst) TABS(2) OBJECT(.\Objects\timer-interrupt.obj)

line level    source

   1          #include <reg51.h>
   2          #include <stdio.h>
   3          #include "LCD.h"
*** WARNING C318 IN LINE 3 OF timer-interrupt.c: can't open file 'LCD.h'
   4          
   5          #define LED P0
   6          
   7          // Selecting Channel 
   8          sbit A=P2^4;
   9          sbit b=P2^3;
  10          sbit C=P2^2;
  11          
  12          int x;
  13          
  14          void timer0 (void) interrupt 1   //
  15          {
  16   1        TH0=0xB7;
  17   1        TL0=0xFD;
  18   1        
  19   1          x+=1;
  20   1        
  21   1          if(x==1)
  22   1          {
  23   2          A=0;  b=0; C=0;
  24   2          LED = 0xFF;  
  25   2          }
  26   1        
  27   1          if(x==2)
  28   1          {
  29   2          A=0;  b=0; C=1;
  30   2          LED = 0xFF;  
  31   2          }
  32   1          
  33   1            if(x==3)
  34   1          {
  35   2          A=0;  b=1; C=0;
  36   2          LED = 0xFF;  
  37   2          }
  38   1          
  39   1            if(x==4)
  40   1          {
  41   2          A=0;  b=1; C=1;
  42   2          LED = 0xFF;  
  43   2          }
  44   1          
  45   1            if(x==5)
  46   1          {
  47   2          A=1;  b=0; C=0;
  48   2          LED = 0xFF;  
  49   2          }
  50   1          
  51   1            if(x==6)
  52   1          {
  53   2          A=1;  b=0; C=1;
C51 COMPILER V9.60.0.0   TIMER_INTERRUPT                                                   09/27/2021 14:21:50 PAGE 2   

  54   2          LED = 0xFF;  
  55   2          }
  56   1          
  57   1          if(x==7)
  58   1          {
  59   2            A=1;  b=1; C=0;
  60   2          LED = 0xFF;   
  61   2          }
  62   1        
  63   1          if(x==8)
  64   1          {
  65   2          A=1;  b=1; C=1;
  66   2          LED = 0xFF;  
  67   2          x=0;
  68   2          }
  69   1      }
  70          void main(void)
  71          {
  72   1          IE =0x82; 
  73   1          TMOD=0x01;
  74   1          
  75   1          TH0=0xB7; //Generating 10 ms delay
  76   1          TL0=0xFD;
  77   1         
  78   1          TR0=1;
  79   1          while(1);
  80   1      }
  81           


MODULE INFORMATION:   STATIC OVERLAYABLE
   CODE SIZE        =    173    ----
   CONSTANT SIZE    =   ----    ----
   XDATA SIZE       =   ----    ----
   PDATA SIZE       =   ----    ----
   DATA SIZE        =      2    ----
   IDATA SIZE       =   ----    ----
   BIT SIZE         =   ----    ----
END OF MODULE INFORMATION.


C51 COMPILATION COMPLETE.  1 WARNING(S),  0 ERROR(S)
