C51 COMPILER V9.60.0.0   LCD                                                               09/29/2021 13:44:04 PAGE 1   


C51 COMPILER V9.60.0.0, COMPILATION OF MODULE LCD
OBJECT MODULE PLACED IN .\Objects\LCD.obj
COMPILER INVOKED BY: C:\Keil_v5\C51\BIN\C51.EXE LCD.c OPTIMIZE(8,SPEED) BROWSE DEBUG OBJECTEXTEND PRINT(.\Listings\LCD.l
                    -st) TABS(2) OBJECT(.\Objects\LCD.obj)

line level    source

   1          #include<reg51.h>
   2          #include "LCD.h"
*** WARNING C323 IN LINE 1 OF LCD.h: newline expected, extra characters found
   3          
   4          void delay (int d)
   5          {
   6   1        unsigned char i;
   7   1        for(;d>0;d--)
   8   1        {
   9   2          for(i=250;i>0;i--);
  10   2          for(i=248;i>0;i--);
  11   2        }
  12   1      }
  13          
  14          void cmd (char c)
  15          {
  16   1        lcd=c;    // LCD assign to P3
  17   1        rs=0;     // RS=0, Read Data or Initiaze Data
  18   1        rw=0;
  19   1        e=1;      // Enable from 1 to 0, or 0 to 1 to latch Data
  20   1        delay(5);
  21   1        e=0;
  22   1      }
  23          void display (char c)
  24          {
  25   1        lcd=c;
  26   1        rs=1; // RS=1 , to write data on LCD
  27   1        rw=0;
  28   1        e=1;   // Enable from 1 to 0, or 0 to 1 to latch Data
  29   1        delay(1);
  30   1        e=0;
  31   1      }
  32          
  33          void Write (char *p)
  34          {
  35   1        while(*p)
  36   1        {
  37   2          display(*p++);
  38   2        }
  39   1      }
  40          void init (void)
  41          {
  42   1        cmd(0x0c);    // Display ON and Cursor OFF
  43   1        cmd(0x38);    //  Use two Lines
  44   1        cmd(0x01);    // Clear Screen
  45   1        cmd(0x80);    // Beginning of First Line
  46   1      }
  47          void main()
  48          {
  49   1        init();
  50   1        
  51   1        Write("ABBAS ALI ");
  52   1        delay(250);
  53   1        cmd(0x80);    // Beginning of First Line
C51 COMPILER V9.60.0.0   LCD                                                               09/29/2021 13:44:04 PAGE 2   

  54   1        cmd(0xc0);    // Beginning of Second Line
  55   1        Write("FROM PESHAWAR");
  56   1        delay(800);
  57   1        cmd(0x01);
  58   1        
  59   1        Write("CHIP SOUL");
  60   1        delay(250);
  61   1        cmd(0xc0);    // Beginning of Second Line
  62   1        Write("TECHNOLOGY");
  63   1        delay(800);
  64   1        cmd(0x01);
  65   1        
  66   1      }


MODULE INFORMATION:   STATIC OVERLAYABLE
   CODE SIZE        =    234    ----
   CONSTANT SIZE    =     46    ----
   XDATA SIZE       =   ----    ----
   PDATA SIZE       =   ----    ----
   DATA SIZE        =   ----       3
   IDATA SIZE       =   ----    ----
   BIT SIZE         =   ----    ----
END OF MODULE INFORMATION.


C51 COMPILATION COMPLETE.  1 WARNING(S),  0 ERROR(S)
