C51 COMPILER V9.60.0.0   SUBTASK_2_TRANSMIT_DATA_FROM_PC_TO_MC                             10/04/2021 10:53:24 PAGE 1   


C51 COMPILER V9.60.0.0, COMPILATION OF MODULE SUBTASK_2_TRANSMIT_DATA_FROM_PC_TO_MC
OBJECT MODULE PLACED IN .\Objects\Subtask-2 Transmit data from PC to MC.obj
COMPILER INVOKED BY: C:\Keil_v5\C51\BIN\C51.EXE Subtask-2 Transmit data from PC to MC.c OPTIMIZE(8,SPEED) BROWSE DEBUG O
                    -BJECTEXTEND PRINT(.\Listings\Subtask-2 Transmit data from PC to MC.lst) TABS(2) OBJECT(.\Objects\Subtask-2 Transmit data
                    - from PC to MC.obj)

line level    source

   1          /* Main.c file generated by New Project wizard
   2           *
   3           * Created:   Sat Jun 26 2021
   4           * Processor: AT89C51
   5           * Compiler:  Keil for 8051
   6           */
   7          
   8          #include <reg51.h>
   9          #include <stdio.h>
  10          
  11          void Tx (unsigned char x);
  12          void delay (unsigned int t);
  13          
  14          void main(void)
  15           { 
  16   1         unsigned char i;
  17   1         unsigned char name[]="Hello World\n\r";
  18   1         // Write your Code here
  19   1         TMOD = 0x20;
  20   1         TH1 = 0xFD;
  21   1         SCON = 0x50;
  22   1         TR1 = 1; 
  23   1          
  24   1         for (i=0;i<=12;i++)  
  25   1        {
  26   2          SBUF=name[i];   //Transmiting Data from mc to pc
  27   2          while(TI==0); 
  28   2          TI=0;
  29   2          delay(50);
  30   2        }
  31   1          delay(20);
  32   1      }
  33           
  34           void delay (unsigned int t)
  35           {
  36   1         int i,j;
  37   1         for (i=1; i<t; i++)
  38   1         for (j=1 ; j<1000; j++);
  39   1       }


MODULE INFORMATION:   STATIC OVERLAYABLE
   CODE SIZE        =    109    ----
   CONSTANT SIZE    =     14    ----
   XDATA SIZE       =   ----    ----
   PDATA SIZE       =   ----    ----
   DATA SIZE        =   ----      15
   IDATA SIZE       =   ----    ----
   BIT SIZE         =   ----    ----
END OF MODULE INFORMATION.


C51 COMPILATION COMPLETE.  0 WARNING(S),  0 ERROR(S)
