C51 COMPILER V9.60.0.0   TIMERDELAY                                                        03/15/2022 13:43:45 PAGE 1   


C51 COMPILER V9.60.0.0, COMPILATION OF MODULE TIMERDELAY
OBJECT MODULE PLACED IN .\Objects\timerdelay.obj
COMPILER INVOKED BY: C:\Keil_v5\C51\BIN\C51.EXE timerdelay.c OPTIMIZE(8,SPEED) BROWSE DEBUG OBJECTEXTEND PRINT(.\Listing
                    -s\timerdelay.lst) TABS(2) OBJECT(.\Objects\timerdelay.obj)

line level    source

   1          /* Main.c file generated by New Project wizard
   2           *
   3           * Created:   Tue Sep 21 2021
   4           * Processor: AT89C51
   5           * Compiler:  Keil for 8051
   6           */
   7          
   8          #include <reg51.h>
   9          #include <stdio.h>
  10          
  11          sbit D1 = P2^0;
  12          
  13          void timer0 () interrupt 1          // Using IE.1 which Timer Interrupt 0
  14          {
  15   1          D1 = ~D1;  
  16   1      }
  17          
  18          void main(void)
  19           { 
  20   1         // Write your Code here
  21   1          TMOD= 0x01;    // Using Timer 0 in Mode 1 which is 16 bits
  22   1          TH0 = 0xDB;    // Generate a 10ms 
  23   1          TL0 = 0xFF;
  24   1          TR0 = 1;
  25   1          while (TF0==0);
  26   1          TF0=0;
  27   1          TR0=0;
  28   1        
  29   1          IE = 0x82;    // Using only Timer Interrupt 0
  30   1      
  31   1       }


MODULE INFORMATION:   STATIC OVERLAYABLE
   CODE SIZE        =     25    ----
   CONSTANT SIZE    =   ----    ----
   XDATA SIZE       =   ----    ----
   PDATA SIZE       =   ----    ----
   DATA SIZE        =   ----    ----
   IDATA SIZE       =   ----    ----
   BIT SIZE         =   ----    ----
END OF MODULE INFORMATION.


C51 COMPILATION COMPLETE.  0 WARNING(S),  0 ERROR(S)
