C51 COMPILER V9.60.0.0   3TIMERDELAY                                                       03/15/2022 14:08:10 PAGE 1   


C51 COMPILER V9.60.0.0, COMPILATION OF MODULE 3TIMERDELAY
OBJECT MODULE PLACED IN .\Objects\3timerdelay.obj
COMPILER INVOKED BY: C:\Keil_v5\C51\BIN\C51.EXE 3timerdelay.c OPTIMIZE(8,SPEED) BROWSE DEBUG OBJECTEXTEND PRINT(.\Listin
                    -gs\3timerdelay.lst) TABS(2) OBJECT(.\Objects\3timerdelay.obj)

line level    source

   1          #include <reg51.h>
   2          #include <stdio.h>
   3          
   4          sbit D1=P2^0;
   5          sbit D2=P2^1;
   6          sbit D3=P2^2;
   7          
   8           unsigned int a=0,b=0;
   9            
  10          void timer0(void) interrupt 1
  11          {
  12   1          TH0=0xDB;
  13   1          TL0=0xFF;
  14   1        
  15   1          D1=~D1;
  16   1        
  17   1         a+=1;
  18   1         b+=1;
  19   1        
  20   1         if(a==10)
  21   1         {
  22   2           D2=~D2;
  23   2           a=0;
  24   2         }
  25   1         
  26   1         if(b==100)
  27   1         {
  28   2           D3=~D3;
  29   2            b=0;
  30   2         }
  31   1       }
  32          void main(void)
  33           {
  34   1          IE=0x82;
  35   1          TMOD=0x01;
  36   1          
  37   1          TH0=0xDB;
  38   1          TL0=0xFF;
  39   1         
  40   1          TR0=1;
  41   1          while(1);
  42   1      
  43   1       }


MODULE INFORMATION:   STATIC OVERLAYABLE
   CODE SIZE        =     73    ----
   CONSTANT SIZE    =   ----    ----
   XDATA SIZE       =   ----    ----
   PDATA SIZE       =   ----    ----
   DATA SIZE        =      4    ----
   IDATA SIZE       =   ----    ----
   BIT SIZE         =   ----    ----
END OF MODULE INFORMATION.

C51 COMPILER V9.60.0.0   3TIMERDELAY                                                       03/15/2022 14:08:10 PAGE 2   


C51 COMPILATION COMPLETE.  0 WARNING(S),  0 ERROR(S)
