C51 COMPILER V9.60.0.0   PC_TO_MC_SEND_DATA                                                10/04/2021 12:13:21 PAGE 1   


C51 COMPILER V9.60.0.0, COMPILATION OF MODULE PC_TO_MC_SEND_DATA
OBJECT MODULE PLACED IN .\Objects\Pc to MC send data.obj
COMPILER INVOKED BY: C:\Keil_v5\C51\BIN\C51.EXE Pc to MC send data.c OPTIMIZE(8,SPEED) BROWSE DEBUG OBJECTEXTEND PRINT(.
                    -\Listings\Pc to MC send data.lst) TABS(2) OBJECT(.\Objects\Pc to MC send data.obj)

line level    source

   1          #include<reg51.h>
   2          #define lcd P0
   3          
   4          sbit rs=P2^6;
   5          sbit e=P2^7;
   6          sbit rw=P2^5;
   7          
   8          void delay (int);
   9          void cmd (char);
  10          void display (char);
  11          void Write (char *);
  12          void init (void);
  13          
  14          int length;
  15          int flag;
  16          int counter=0;
  17          int j; 
  18          volatile char RxData[16];
  19          unsigned char temp;
  20          
  21          void Serial (void) interrupt 4
  22           {
  23   1        if (RI==1)
  24   1        {
  25   2            temp=SBUF;
  26   2            RxData[counter] = temp;
  27   2            length = counter;
  28   2            if (temp == 0x0D)  // 0x0D means <CR> in Hercules to terminate , it dont know '\n\r'
  29   2            flag=1;
  30   2            RI=0;     
  31   2        }
  32   1            counter+=1;
  33   1        if (flag==1)
  34   1      
  35   1        {
  36   2        cmd(0x01);
  37   2        cmd(0x80);
  38   2        }
  39   1      }
  40           
  41          void delay (int d)
  42          {
  43   1        unsigned char i;
  44   1        for(;d>0;d--)
  45   1        {
  46   2          for(i=250;i>0;i--);
  47   2          for(i=248;i>0;i--);
  48   2        }
  49   1      }
  50          
  51          void cmd (char c)
  52          {
  53   1        lcd=c;    // LCD assign to P3
  54   1        rs=0;     // RS=0, Read Data or Initiaze Data
C51 COMPILER V9.60.0.0   PC_TO_MC_SEND_DATA                                                10/04/2021 12:13:21 PAGE 2   

  55   1        rw=0;
  56   1        e=1;      // Enable from 1 to 0, or 0 to 1 to latch Data
  57   1        delay(5);
  58   1        e=0;
  59   1      }
  60          void display (char c)
  61          {
  62   1        lcd=c;
  63   1        rs=1; // RS=1 , to write data on LCD
  64   1        rw=0;
  65   1        e=1;   // Enable from 1 to 0, or 0 to 1 to latch Data
  66   1        delay(1);
  67   1        e=0;
  68   1      }
  69          
  70          void Write (char *p)
  71          {
  72   1        while(*p)
  73   1        {
  74   2          display(*p++);
  75   2        }
  76   1      }
  77          void init (void)
  78          {
  79   1        cmd(0x0c);    // Display ON and Cursor OFF
  80   1        cmd(0x38);    //  Use two Lines
  81   1        cmd(0x01);    // Clear Screen
  82   1        cmd(0x80);    // Beginning of First Line
  83   1      }
  84          
  85           
  86          void main()
  87          {
  88   1        IE = 0x90;
  89   1        init();
  90   1        TMOD = 0x20;
  91   1        TH1 = 0xFD;
  92   1        SCON = 0x50;
  93   1        TR1 = 1; 
  94   1        while(1)
  95   1        {
  96   2          if (flag==1)
  97   2          {
  98   3            for(j=0; j<length; j++)
  99   3            {
 100   4              display(RxData[j]);
 101   4              flag=0;
 102   4              counter=0;
 103   4            }
 104   3          }
 105   2        }
 106   1      }


MODULE INFORMATION:   STATIC OVERLAYABLE
   CODE SIZE        =    331    ----
   CONSTANT SIZE    =   ----    ----
   XDATA SIZE       =   ----    ----
   PDATA SIZE       =   ----    ----
   DATA SIZE        =     25       3
   IDATA SIZE       =   ----    ----
   BIT SIZE         =   ----    ----
C51 COMPILER V9.60.0.0   PC_TO_MC_SEND_DATA                                                10/04/2021 12:13:21 PAGE 3   

END OF MODULE INFORMATION.


C51 COMPILATION COMPLETE.  0 WARNING(S),  0 ERROR(S)
