C51 COMPILER V9.60.0.0   LED_PATTERN                                                       09/20/2021 16:18:10 PAGE 1   


C51 COMPILER V9.60.0.0, COMPILATION OF MODULE LED_PATTERN
OBJECT MODULE PLACED IN .\Objects\LED Pattern.obj
COMPILER INVOKED BY: C:\Keil_v5\C51\BIN\C51.EXE LED Pattern.c OPTIMIZE(8,SPEED) BROWSE DEBUG OBJECTEXTEND PRINT(.\Listin
                    -gs\LED Pattern.lst) TABS(2) OBJECT(.\Objects\LED Pattern.obj)

line level    source

   1          
   2          #include <reg51.h>
   3          #include <stdio.h>
   4          
   5          #define LED P2
   6          
   7          void delay(int t);
   8          
   9          void main(void)
  10           { 
  11   1          
  12   1         // Write your code here
  13   1         LED = 0;   // Declare as Output
  14   1       
  15   1          while (1)
  16   1          {
  17   2             LED = 0xAA;
  18   2             delay(500);
  19   2             LED = 0x55;
  20   2             delay(500);
  21   2            }
  22   1          }
  23           void delay(int t)
  24           {
  25   1          int i,j;
  26   1          for (i=0; i<=t; i++)
  27   1          for (j=0;j<=122; j++);  
  28   1       }
  29           


MODULE INFORMATION:   STATIC OVERLAYABLE
   CODE SIZE        =     63    ----
   CONSTANT SIZE    =   ----    ----
   XDATA SIZE       =   ----    ----
   PDATA SIZE       =   ----    ----
   DATA SIZE        =   ----    ----
   IDATA SIZE       =   ----    ----
   BIT SIZE         =   ----    ----
END OF MODULE INFORMATION.


C51 COMPILATION COMPLETE.  0 WARNING(S),  0 ERROR(S)
