C51 COMPILER V9.60.0.0   INTERRUPT_AND_POLLING_BOTH                                        03/17/2022 17:34:31 PAGE 1   


C51 COMPILER V9.60.0.0, COMPILATION OF MODULE INTERRUPT_AND_POLLING_BOTH
OBJECT MODULE PLACED IN .\Objects\interrupt and polling both.obj
COMPILER INVOKED BY: C:\Keil_v5\C51\BIN\C51.EXE interrupt and polling both.c OPTIMIZE(8,SPEED) BROWSE DEBUG OBJECTEXTEND
                    - PRINT(.\Listings\interrupt and polling both.lst) TABS(2) OBJECT(.\Objects\interrupt and polling both.obj)

line level    source

   1          /* Main.c file generated by New Project wizard
   2           *
   3           * Created:   Tue Sep 21 2021
   4           * Processor: AT89C51
   5           * Compiler:  Keil for 8051
   6           */
   7          
   8          #include <reg51.h>
   9          #include <stdio.h>
  10          
  11          sbit D1 = P2^0;
  12          sbit D2 = P2^1;
  13          sbit D3 = P2^2;
  14          sbit D4 = P2^3;
  15          
  16          sbit K1 = P3^1;
  17          sbit K2 = P3^0;
  18          
  19          void delay (int t);
  20          
  21          void INTR1 () interrupt 2          // Using IE.2 which External Interrupt 1 , K4 is interrupted
  22          {
  23   1          D4 = ~D4;
  24   1          delay(500);  
  25   1       }
  26          void INTR0 () interrupt 0          // Using IE.0 which External Interrupt 0, K3 is interrupted
  27          {
  28   1          D3 = ~D3;
  29   1          delay(500);  
  30   1      }
  31          
  32          void main(void)
  33           { 
  34   1         // Write your Code here
  35   1         IE = 0x85;   // Using only external Interrupt 1
  36   1          while (1)
  37   1         {
  38   2          D1 = 0;   // Pull Down state, Always turn ON on 0
  39   2          D2 = 0;   // Pull Down state, Always turn ON on 0
  40   2          }
  41   1       
  42   1        }
  43           void delay(int t)
  44           {
  45   1          int i,j;
  46   1          for (i=0; i<=t; i++)
  47   1          for (j=0;j<=122; j++);  
  48   1       }


MODULE INFORMATION:   STATIC OVERLAYABLE
   CODE SIZE        =    177    ----
   CONSTANT SIZE    =   ----    ----
   XDATA SIZE       =   ----    ----
C51 COMPILER V9.60.0.0   INTERRUPT_AND_POLLING_BOTH                                        03/17/2022 17:34:31 PAGE 2   

   PDATA SIZE       =   ----    ----
   DATA SIZE        =   ----    ----
   IDATA SIZE       =   ----    ----
   BIT SIZE         =   ----    ----
END OF MODULE INFORMATION.


C51 COMPILATION COMPLETE.  0 WARNING(S),  0 ERROR(S)
