C51 COMPILER V9.60.0.0   LCD                                                               03/15/2022 21:33:42 PAGE 1   


C51 COMPILER V9.60.0.0, COMPILATION OF MODULE LCD
OBJECT MODULE PLACED IN .\Objects\lcd.obj
COMPILER INVOKED BY: C:\Keil_v5\C51\BIN\C51.EXE lcd.c OPTIMIZE(8,SPEED) BROWSE DEBUG OBJECTEXTEND PRINT(.\Listings\lcd.l
                    -st) TABS(2) OBJECT(.\Objects\lcd.obj)

line level    source

   1          #include<reg51.h>
   2          #define lcd P0   // STC port 0 is connected to LCD 
   3          
   4          sbit rs=P2^6;
   5          sbit e=P2^7;
   6          sbit rw=P2^5;
   7          
   8          void delay (int);
   9          void cmd (char);
  10          void display (char);
  11          void Write (char *);
  12          void init (void);
  13          
  14          void delay (int d)
  15          {
  16   1        unsigned char i;
  17   1        for(;d>0;d--)
  18   1        {
  19   2          for(i=250;i>0;i--);
  20   2          for(i=248;i>0;i--);
  21   2        }
  22   1      }
  23          
  24          void cmd (char c)
  25          {
  26   1        lcd=c;    // LCD assign to P3
  27   1        rs=0;     // RS=0, Read Data or Initiaze Data
  28   1        rw=0;
  29   1        e=1;      // Enable from 1 to 0, or 0 to 1 to latch Data
  30   1        delay(5);
  31   1        e=0;
  32   1      }
  33          void display (char c)
  34          {
  35   1        lcd=c;
  36   1        rs=1; // RS=1 , to write Data on LCD
  37   1        rw=0;
  38   1        e=1;   // Enable from 1 to 0, or 0 to 1 to latch Data
  39   1        delay(1);
  40   1        e=0;
  41   1      }
  42          
  43          void Write (char *p)
  44          {
  45   1        while(*p)
  46   1        {
  47   2          display(*p++);
  48   2        }
  49   1      }
  50          void init (void)
  51          {
  52   1        cmd(0x0c);    // Display ON and Cursor OFF
  53   1        cmd(0x38);    //  Use two Lines
  54   1        cmd(0x01);    // Clear Screen
C51 COMPILER V9.60.0.0   LCD                                                               03/15/2022 21:33:42 PAGE 2   

  55   1        cmd(0x80);    // Beginning of First Line
  56   1      }
  57          void main()
  58          {
  59   1        init();
  60   1        
  61   1        Write("ABBAS ALI ");
  62   1        delay(250);
  63   1        cmd(0x80);    // Beginning of First Line
  64   1        cmd(0xc0);    // Beginning of Second Line
  65   1        Write("FROM PESHAWAR");
  66   1        delay(800);
  67   1        cmd(0x01);
  68   1        
  69   1        Write("Super_Visor");
  70   1        delay(250);
  71   1        cmd(0xc0);    // Beginning of Second Line
  72   1        Write("Umer Sharif Sir");
  73   1        delay(800);
  74   1        cmd(0x01);
  75   1        
  76   1        display(1+0x30);   // Display digits 
  77   1        delay(800);
  78   1        cmd(0x01);
  79   1      }


MODULE INFORMATION:   STATIC OVERLAYABLE
   CODE SIZE        =    242    ----
   CONSTANT SIZE    =     53    ----
   XDATA SIZE       =   ----    ----
   PDATA SIZE       =   ----    ----
   DATA SIZE        =   ----       3
   IDATA SIZE       =   ----    ----
   BIT SIZE         =   ----    ----
END OF MODULE INFORMATION.


C51 COMPILATION COMPLETE.  0 WARNING(S),  0 ERROR(S)
