C51 COMPILER V9.60.0.0   LED_BUTTON_POLLING                                                09/21/2021 11:24:33 PAGE 1   


C51 COMPILER V9.60.0.0, COMPILATION OF MODULE LED_BUTTON_POLLING
OBJECT MODULE PLACED IN .\Objects\led button polling.obj
COMPILER INVOKED BY: C:\Keil_v5\C51\BIN\C51.EXE led button polling.c OPTIMIZE(8,SPEED) BROWSE DEBUG OBJECTEXTEND PRINT(.
                    -\Listings\led button polling.lst) TABS(2) OBJECT(.\Objects\led button polling.obj)

line level    source

   1          /* Main.c file generated by New Project wizard
   2           *
   3           * Created:   Mon Sep 20 2021
   4           * Processor: AT89C51
   5           * Compiler:  Keil for 8051
   6           */
   7          
   8          #include <reg51.h>
   9          #include <stdio.h>
  10          
  11          sbit D1 = P2^0;
  12          sbit D2 = P2^1;
  13          sbit D3 = P2^2;
  14          sbit D4 = P2^3;
  15          
  16          sbit K1 = P3^1;
  17          sbit K2 = P3^0;
  18          sbit K3 = P3^2;
  19          sbit K4 = P3^3;
  20          
  21          void delay(int t);
  22          
  23          void main(void)
  24           { 
  25   1         // Write your Code here
  26   1         while (1)
  27   1         {
  28   2             if (K1==0)  //  Button is pressed , means ground is applied to it
  29   2             { 
  30   3          D1 = ~D1;
  31   3          delay(500);
  32   3            }
  33   2             
  34   2             if (K2==0)  //  Button is pressed , means ground is applied to it
  35   2             { 
  36   3          D2 = ~D2;
  37   3          delay(500);
  38   3            }
  39   2             
  40   2             if (K3==0)  //  Button is pressed , means ground is applied to it
  41   2             { 
  42   3          D3 = ~D3;
  43   3          delay(500);
  44   3            }
  45   2             
  46   2             if (K4==0)  //  Button is pressed , means ground is applied to it
  47   2             { 
  48   3          D4 = ~D4;
  49   3          delay(500);
  50   3            }
  51   2         }
  52   1      }
  53            void delay(int t)
  54           {
C51 COMPILER V9.60.0.0   LED_BUTTON_POLLING                                                09/21/2021 11:24:33 PAGE 2   

  55   1          int i,j;
  56   1          for (i=0; i<=t; i++)
  57   1          for (j=0;j<=122; j++);  
  58   1       }


MODULE INFORMATION:   STATIC OVERLAYABLE
   CODE SIZE        =     76    ----
   CONSTANT SIZE    =   ----    ----
   XDATA SIZE       =   ----    ----
   PDATA SIZE       =   ----    ----
   DATA SIZE        =   ----    ----
   IDATA SIZE       =   ----    ----
   BIT SIZE         =   ----    ----
END OF MODULE INFORMATION.


C51 COMPILATION COMPLETE.  0 WARNING(S),  0 ERROR(S)
