C51 COMPILER V9.60.0.0   TASK_3                                                            03/21/2022 21:30:13 PAGE 1   


C51 COMPILER V9.60.0.0, COMPILATION OF MODULE TASK_3
OBJECT MODULE PLACED IN .\Objects\task_3.obj
COMPILER INVOKED BY: C:\Keil_v5\C51\BIN\C51.EXE task_3.c OPTIMIZE(8,SPEED) BROWSE DEBUG OBJECTEXTEND PRINT(.\Listings\ta
                    -sk_3.lst) TABS(2) OBJECT(.\Objects\task_3.obj)

line level    source

   1          
   2          #include <reg51.h>
   3          #include <stdio.h>
   4          
   5          sbit LED = P2^1;
   6          
   7          void delay(int t);
   8          
   9          void main(void)
  10           { 
  11   1          
  12   1         // Write your Code here
  13   1         LED = 0;   // Declare as Output
  14   1         
  15   1          while (1)
  16   1          {
  17   2             LED = 1;
  18   2             delay(1000);
  19   2             LED = 0;
  20   2             delay(1000);
  21   2            }
  22   1          }
  23           void delay(int t)
  24           {
  25   1          int i,j;
  26   1          for (i=0; i<=t; i++)
  27   1          for (j=0;j<=112; j++);  
  28   1       }
  29           


MODULE INFORMATION:   STATIC OVERLAYABLE
   CODE SIZE        =     60    ----
   CONSTANT SIZE    =   ----    ----
   XDATA SIZE       =   ----    ----
   PDATA SIZE       =   ----    ----
   DATA SIZE        =   ----    ----
   IDATA SIZE       =   ----    ----
   BIT SIZE         =   ----    ----
END OF MODULE INFORMATION.


C51 COMPILATION COMPLETE.  0 WARNING(S),  0 ERROR(S)
